Построение начато 01.10.2012 16:29:40.
     1>Проект "c:\Users\Ане4ка\documents\visual studio 2010\Projects\Двумерные массивы\Двумерные массивы\Двумерные массивы.vcxproj" в узле 2 (целевые объекты build).
     1>InitializeBuildStatus:
         Создание "Debug\Двумерные массивы.unsuccessfulbuild", так как было задано "AlwaysCreate".
       ClCompile:
         Для всех выходных данных обновления не требуется.
         C:\Program Files\Microsoft Visual Studio 10.0\VC\bin\CL.exe /c /ZI /nologo /W3 /WX- /Od /Oy- /D WIN32 /D _DEBUG /D _CONSOLE /D _UNICODE /D UNICODE /Gm /EHsc /RTC1 /MDd /GS /fp:precise /Zc:wchar_t /Zc:forScope /Yu"StdAfx.h" /Fp"Debug\Двумерные массивы.pch" /Fo"Debug\\" /Fd"Debug\vc100.pdb" /Gd /TP /analyze- /errorReport:prompt "Двумерные массивы.cpp"
         Двумерные массивы.cpp
     1>c:\users\ане4ка\documents\visual studio 2010\projects\двумерные массивы\двумерные массивы\двумерные массивы.cpp(30): warning C4996: 'scanf': This function or variable may be unsafe. Consider using scanf_s instead. To disable deprecation, use _CRT_SECURE_NO_WARNINGS. See online help for details.
                 c:\program files\microsoft visual studio 10.0\vc\include\stdio.h(304): см. объявление "scanf"
     1>c:\users\ане4ка\documents\visual studio 2010\projects\двумерные массивы\двумерные массивы\двумерные массивы.cpp(36): warning C4996: 'scanf': This function or variable may be unsafe. Consider using scanf_s instead. To disable deprecation, use _CRT_SECURE_NO_WARNINGS. See online help for details.
                 c:\program files\microsoft visual studio 10.0\vc\include\stdio.h(304): см. объявление "scanf"
       ManifestResourceCompile:
         Для всех выходных данных обновления не требуется.
       Link:
         C:\Program Files\Microsoft Visual Studio 10.0\VC\bin\link.exe /ERRORREPORT:PROMPT /OUT:"c:\users\ане4ка\documents\visual studio 2010\Projects\Двумерные массивы\Debug\Двумерные массивы.exe" /INCREMENTAL /NOLOGO kernel32.lib user32.lib gdi32.lib winspool.lib comdlg32.lib advapi32.lib shell32.lib ole32.lib oleaut32.lib uuid.lib odbc32.lib odbccp32.lib /MANIFEST /ManifestFile:"Debug\Двумерные массивы.exe.intermediate.manifest" /MANIFESTUAC:"level='asInvoker' uiAccess='false'" /DEBUG /PDB:"c:\users\ане4ка\documents\visual studio 2010\Projects\Двумерные массивы\Debug\Двумерные массивы.pdb" /SUBSYSTEM:CONSOLE /TLBID:1 /DYNAMICBASE /NXCOMPAT /IMPLIB:"c:\users\ане4ка\documents\visual studio 2010\Projects\Двумерные массивы\Debug\Двумерные массивы.lib" /MACHINE:X86 "Debug\Двумерные массивы.exe.embed.manifest.res"
         Debug\stdafx.obj
         "Debug\Двумерные массивы.obj"
       Manifest:
         C:\Program Files\Microsoft SDKs\Windows\v7.0A\bin\mt.exe /nologo /verbose /out:"Debug\Двумерные массивы.exe.embed.manifest" /manifest "Debug\Двумерные массивы.exe.intermediate.manifest"
         Для всех выходных данных обновления не требуется.
       LinkEmbedManifest:
         Для всех выходных данных обновления не требуется.
         Двумерные массивы.vcxproj -> c:\users\ане4ка\documents\visual studio 2010\Projects\Двумерные массивы\Debug\Двумерные массивы.exe
       FinalizeBuildStatus:
         Файл "Debug\Двумерные массивы.unsuccessfulbuild" удаляется.
         Обращение к "Debug\Двумерные массивы.lastbuildstate".
     1>Построение проекта "c:\Users\Ане4ка\documents\visual studio 2010\Projects\Двумерные массивы\Двумерные массивы\Двумерные массивы.vcxproj" завершено (целевые объекты build).

Построение успешно завершено.

Затраченное время: 00:00:01.21
